  SampleClient.cpp
  Unknown compiler version - please run the configure tests and report the results
  Please define _WIN32_WINNT or _WIN32_WINDOWS appropriately. For example:
  - add -D_WIN32_WINNT=0x0501 to the compiler command line; or
  - add _WIN32_WINNT=0x0501 to your project's Preprocessor Definitions.
  Assuming _WIN32_WINNT=0x0501 (i.e. Windows XP target).
C:\boost_1_55_0\boost/asio/detail/impl/socket_ops.ipp(1345): warning C4996: 'WSASocketA': Use WSASocketW() instead or define _WINSOCK_DEPRECATED_NO_WARNINGS to disable deprecated API warnings
  C:\Program Files (x86)\Windows Kits\8.1\Include\um\winsock2.h(3457): note: see declaration of 'WSASocketA'
C:\boost_1_55_0\boost/asio/detail/impl/socket_ops.ipp(1953): warning C4996: 'WSAAddressToStringA': Use WSAAddressToStringW() instead or define _WINSOCK_DEPRECATED_NO_WARNINGS to disable deprecated API warnings
  C:\Program Files (x86)\Windows Kits\8.1\Include\um\winsock2.h(3556): note: see declaration of 'WSAAddressToStringA'
C:\boost_1_55_0\boost/asio/detail/impl/socket_ops.ipp(2159): warning C4996: 'WSAStringToAddressA': Use WSAStringToAddressW() instead or define _WINSOCK_DEPRECATED_NO_WARNINGS to disable deprecated API warnings
  C:\Program Files (x86)\Windows Kits\8.1\Include\um\winsock2.h(3623): note: see declaration of 'WSAStringToAddressA'
C:\boost_1_55_0\boost/asio/detail/impl/socket_ops.ipp(2295): warning C4996: 'gethostbyaddr': Use getnameinfo() or GetNameInfoW() instead or define _WINSOCK_DEPRECATED_NO_WARNINGS to disable deprecated API warnings
  C:\Program Files (x86)\Windows Kits\8.1\Include\um\winsock2.h(2216): note: see declaration of 'gethostbyaddr'
C:\boost_1_55_0\boost/asio/detail/impl/socket_ops.ipp(2344): warning C4996: 'gethostbyname': Use getaddrinfo() or GetAddrInfoW() instead or define _WINSOCK_DEPRECATED_NO_WARNINGS to disable deprecated API warnings
  C:\Program Files (x86)\Windows Kits\8.1\Include\um\winsock2.h(2238): note: see declaration of 'gethostbyname'
C:\boost_1_55_0\boost/asio/detail/impl/socket_select_interrupter.ipp(62): warning C4996: 'inet_addr': Use inet_pton() or InetPton() instead or define _WINSOCK_DEPRECATED_NO_WARNINGS to disable deprecated API warnings
  C:\Program Files (x86)\Windows Kits\8.1\Include\um\winsock2.h(1850): note: see declaration of 'inet_addr'
C:\boost_1_55_0\boost/asio/detail/impl/socket_select_interrupter.ipp(75): warning C4996: 'inet_addr': Use inet_pton() or InetPton() instead or define _WINSOCK_DEPRECATED_NO_WARNINGS to disable deprecated API warnings
  C:\Program Files (x86)\Windows Kits\8.1\Include\um\winsock2.h(1850): note: see declaration of 'inet_addr'
LINK : fatal error LNK1104: cannot open file 'libboost_system-vc120-mt-1_55.lib'
